OpenROAD b98aca833f9827e7f20a8fa3c6defa56fa92e506 
Features included (+) or not (-):  +Charts +GPU +GUI +MPL2 +PAR +Python
This program is licensed under the BSD-3 license. See the LICENSE file for details.
Components of this program may be licensed under more restrictive licenses which must be honored.
[WARNING DPL-0038] No 1-site fill cells detected.  To remove 1-site gaps use the -disallow_one_site_gaps flag.
Placement Analysis
---------------------------------
total displacement     199577.9 u
average displacement        4.1 u
max displacement           23.3 u
original HPWL         1601089.1 u
legalized HPWL        1796768.9 u
delta HPWL                   12 %

Detailed placement improvement.
Importing netlist into detailed improver.
[INFO DPO-0100] Creating network with 48682 cells, 34 terminals, 55638 edges and 162113 pins.
[INFO DPO-0109] Network stats: inst 48716, edges 55638, pins 162113
[INFO DPO-0110] Number of regions is 1
[INFO DPO-0401] Setting random seed to 1.
[INFO DPO-0402] Setting maximum displacement 5 1 to 18900 3780 units.
[INFO DPO-0320] Collected 34 fixed cells (excluded terminal_NI).
[INFO DPO-0318] Collected 48682 single height cells.
[INFO DPO-0321] Collected 0 wide cells.
[INFO DPO-0322] Image (330240, 332640) - (1535040, 1534680)
[INFO DPO-0310] Assigned 48682 cells into segments.  Movement in X-direction is 0.000000, movement in Y-direction is 0.000000.
[INFO DPO-0313] Found 0 cells in wrong regions.
[INFO DPO-0315] Found 0 row alignment problems.
[INFO DPO-0314] Found 0 site alignment problems.
[INFO DPO-0311] Found 0 overlaps between adjacent cells.
[INFO DPO-0312] Found 0 edge spacing violations and 0 padding violations.
[INFO DPO-0303] Running algorithm for independent set matching.
[INFO DPO-0300] Set matching objective is wirelength.
[INFO DPO-0301] Pass   1 of matching; objective is 1.789315e+09.
[INFO DPO-0302] End of matching; objective is 1.784340e+09, improvement is 0.28 percent.
[INFO DPO-0303] Running algorithm for global swaps.
[INFO DPO-0306] Pass   1 of global swaps; hpwl is 1.751077e+09.
[INFO DPO-0306] Pass   2 of global swaps; hpwl is 1.744251e+09.
[INFO DPO-0307] End of global swaps; objective is 1.744251e+09, improvement is 2.25 percent.
[INFO DPO-0303] Running algorithm for vertical swaps.
[INFO DPO-0308] Pass   1 of vertical swaps; hpwl is 1.738409e+09.
[INFO DPO-0309] End of vertical swaps; objective is 1.738409e+09, improvement is 0.33 percent.
[INFO DPO-0303] Running algorithm for reordering.
[INFO DPO-0304] Pass   1 of reordering; objective is 1.726085e+09.
[INFO DPO-0305] End of reordering; objective is 1.726085e+09, improvement is 0.71 percent.
[INFO DPO-0303] Running algorithm for random improvement.
[INFO DPO-0324] Random improver is using displacement generator.
[INFO DPO-0325] Random improver is using hpwl objective.
[INFO DPO-0326] Random improver cost string is (a).
[INFO DPO-0332] End of pass, Generator displacement called 973640 times.
[INFO DPO-0335] Generator displacement, Cumulative attempts 973640, swaps 172136, moves 180547 since last reset.
[INFO DPO-0333] End of pass, Objective hpwl, Initial cost 1.723695e+09, Scratch cost 1.703133e+09, Incremental cost 1.703133e+09, Mismatch? N
[INFO DPO-0338] End of pass, Total cost is 1.703133e+09.
[INFO DPO-0327] Pass   1 of random improver; improvement in cost is 1.19 percent.
[INFO DPO-0332] End of pass, Generator displacement called 973640 times.
[INFO DPO-0335] Generator displacement, Cumulative attempts 1947280, swaps 337837, moves 362014 since last reset.
[INFO DPO-0333] End of pass, Objective hpwl, Initial cost 1.703133e+09, Scratch cost 1.696572e+09, Incremental cost 1.696572e+09, Mismatch? N
[INFO DPO-0338] End of pass, Total cost is 1.696572e+09.
[INFO DPO-0327] Pass   2 of random improver; improvement in cost is 0.39 percent.
[INFO DPO-0328] End of random improver; improvement is 1.573561 percent.
[INFO DPO-0380] Cell flipping.
[INFO DPO-0382] Changed 24357 cell orientations for row compatibility.
[INFO DPO-0383] Performed 15712 cell flips.
[INFO DPO-0384] End of flipping; objective is 1.673129e+09, improvement is 1.52 percent.
[INFO DPO-0313] Found 0 cells in wrong regions.
[INFO DPO-0315] Found 0 row alignment problems.
[INFO DPO-0314] Found 0 site alignment problems.
[INFO DPO-0311] Found 0 overlaps between adjacent cells.
[INFO DPO-0312] Found 0 edge spacing violations and 0 padding violations.
Detailed Improvement Results
------------------------------------------
Original HPWL          1796768.9 u
Final HPWL             1682420.1 u
Delta HPWL                  -6.4 %

[INFO DPL-0020] Mirrored 2407 instances
[INFO DPL-0021] HPWL before          1682420.1 u
[INFO DPL-0022] HPWL after           1681641.4 u
[INFO DPL-0023] HPWL delta               -0.0 %
[INFO FLW-0012] Placement violations .
Report metrics stage 3, detailed place...
Warning: There are 20 input ports missing set_input_delay.
Warning: There are 10 output ports missing set_output_delay.
Warning: There are 23 unconstrained endpoints.

==========================================================================
detailed place report_design_area
--------------------------------------------------------------------------
Design area 769142 u^2 53% utilization.
Elapsed time: 0:28.84[h:]min:sec. CPU time: user 28.69 sys 0.12 (99%). Peak memory: 351764KB.
