OpenROAD b98aca833f9827e7f20a8fa3c6defa56fa92e506 
Features included (+) or not (-):  +Charts +GPU +GUI +MPL2 +PAR +Python
This program is licensed under the BSD-3 license. See the LICENSE file for details.
Components of this program may be licensed under more restrictive licenses which must be honored.
[WARNING FIN-0010] Skipping layer OVERLAP.
[WARNING FIN-0010] Skipping layer LOCKED.
[WARNING FIN-0010] Skipping layer LOCKED1.
[WARNING FIN-0010] Skipping layer LOCKED2.
[WARNING FIN-0010] Skipping layer GatPoly.
[WARNING FIN-0010] Skipping layer Cont.
[INFO FIN-0003] Filling layer Metal1.
[INFO FIN-0009] Filling 2439 areas with non-OPC fill.
[INFO FIN-0004] Total fills: 0.
[WARNING FIN-0010] Skipping layer Via1.
[INFO FIN-0003] Filling layer Metal2.
[INFO FIN-0009] Filling 14490 areas with non-OPC fill.
[INFO FIN-0004] Total fills: 4950.
[WARNING FIN-0010] Skipping layer Via2.
[INFO FIN-0003] Filling layer Metal3.
[INFO FIN-0009] Filling 11218 areas with non-OPC fill.
[INFO FIN-0004] Total fills: 11858.
[WARNING FIN-0010] Skipping layer Via3.
[INFO FIN-0003] Filling layer Metal4.
[INFO FIN-0009] Filling 187 areas with non-OPC fill.
[INFO FIN-0004] Total fills: 61624.
[WARNING FIN-0010] Skipping layer Via4.
[INFO FIN-0003] Filling layer Metal5.
[INFO FIN-0009] Filling 33 areas with non-OPC fill.
[INFO FIN-0004] Total fills: 121977.
[WARNING FIN-0010] Skipping layer TopVia1.
[INFO FIN-0003] Filling layer TopMetal1.
[INFO FIN-0009] Filling 33 areas with non-OPC fill.
[INFO FIN-0004] Total fills: 130692.
[WARNING FIN-0010] Skipping layer TopVia2.
[INFO FIN-0003] Filling layer TopMetal2.
[INFO FIN-0009] Filling 25 areas with non-OPC fill.
[INFO FIN-0004] Total fills: 139441.
Elapsed time: 0:08.07[h:]min:sec. CPU time: user 7.75 sys 0.31 (99%). Peak memory: 600968KB.
