Warning: Box.destroy: already destroyed!
Warning: Box.destroy: already destroyed!
Warning: Box.destroy: already destroyed!
Warning: Box.destroy: already destroyed!
Warning: Box.destroy: already destroyed!
Warning: Box.destroy: already destroyed!
Warning: Box.destroy: already destroyed!
Warning: Box.destroy: already destroyed!
Warning: Box.destroy: already destroyed!
Warning: Box.destroy: already destroyed!
Warning: Box.destroy: already destroyed!
Warning: Box.destroy: already destroyed!
Warning: Box.destroy: already destroyed!
Warning: Box.destroy: already destroyed!
Warning: Box.destroy: already destroyed!
Warning: Box.destroy: already destroyed!
Warning: Box.destroy: already destroyed!
Warning: Box.destroy: already destroyed!
[INFO] Reporting cells prior to loading DEF ...
[INFO] Reading DEF ...
[INFO] Clearing cells...
[INFO] Merging GDS/OAS files...
	/home/daniel/work/elements/ElemRV-init/tools/OpenROAD-flow-scripts/flow/platforms/ihp-sg13g2/gds/sg13g2_stdcell.gds
	/home/daniel/work/elements/ElemRV-init/pdks/IHP-Open-PDK//ihp-sg13g2/libs.ref/sg13g2_io//gds/sg13g2_io.gds
	/home/daniel/work/elements/ElemRV-init/pdks/IHP-Open-PDK//ihp-sg13g2/libs.ref/sg13g2_io//gds/bondpad_70x70.gds
[INFO] Copying toplevel cell 'ElemRVTop'
[INFO] Checking for missing cell from GDS/OAS...
[INFO] All LEF cells have matching GDS/OAS cells
[INFO] Checking for orphan cell in the final layout...
[INFO] No orphan cells
[INFO] Reading seal GDS/OAS file...
	./designs/ihp-sg13g2/ElemRV/macros/sealring_1870x1870.gds
[INFO] Merging 'sealring$1' as child of 'ElemRVTop'
[INFO] Writing out GDS/OAS './results/ihp-sg13g2/ElemRV/base/6_1_merged.gds'
Elapsed time: 0:06.11[h:]min:sec. CPU time: user 5.78 sys 0.32 (99%). Peak memory: 1050044KB.
